Startpoint: _28362_ (rising edge-triggered flip-flop clocked by wb_clk_i)
Endpoint: _28362_ (rising edge-triggered flip-flop clocked by wb_clk_i)
Path Group: wb_clk_i
Path Type: min

  Delay    Time   Description
---------------------------------------------------------
   0.00    0.00   clock wb_clk_i (rise edge)
   0.00    0.00   clock network delay (ideal)
   0.00    0.00 ^ _28362_/CLK (sky130_fd_sc_hd__dfxtp_2)
   0.29    0.29 v _28362_/Q (sky130_fd_sc_hd__dfxtp_2)
   0.05    0.34 ^ _27374_/Y (sky130_fd_sc_hd__inv_2)
   0.04    0.38 v _27458_/Y (sky130_fd_sc_hd__a211oi_2)
   0.00    0.38 v _28362_/D (sky130_fd_sc_hd__dfxtp_2)
           0.38   data arrival time

   0.00    0.00   clock wb_clk_i (rise edge)
   0.00    0.00   clock network delay (ideal)
   0.50    0.50   clock uncertainty
   0.00    0.50   clock reconvergence pessimism
           0.50 ^ _28362_/CLK (sky130_fd_sc_hd__dfxtp_2)
  -0.03    0.47   library hold time
           0.47   data required time
---------------------------------------------------------
           0.47   data required time
          -0.38   data arrival time
---------------------------------------------------------
          -0.09   slack (VIOLATED)


Startpoint: ce_pcm (input port clocked by wb_clk_i)
Endpoint: _28389_ (rising edge-triggered flip-flop clocked by wb_clk_i)
Path Group: wb_clk_i
Path Type: max

  Delay    Time   Description
---------------------------------------------------------
   0.00    0.00   clock wb_clk_i (rise edge)
   0.00    0.00   clock network delay (ideal)
   0.50    0.50 ^ input external delay
   0.00    0.50 ^ ce_pcm (in)
   0.16    0.66 ^ _28109_/X (sky130_fd_sc_hd__mux2_1)
   0.06    0.72 v _16162_/Y (sky130_fd_sc_hd__inv_2)
   0.72    1.44 v _27379_/X (sky130_fd_sc_hd__or4_2)
   0.35    1.79 v _27380_/X (sky130_fd_sc_hd__or2_2)
   0.33    2.12 v _27381_/X (sky130_fd_sc_hd__or2_2)
   0.32    2.44 v _27382_/X (sky130_fd_sc_hd__or2_2)
   0.33    2.77 v _27383_/X (sky130_fd_sc_hd__or2_2)
   0.32    3.09 v _27384_/X (sky130_fd_sc_hd__or2_2)
   0.33    3.41 v _27385_/X (sky130_fd_sc_hd__or2_2)
   0.32    3.73 v _27386_/X (sky130_fd_sc_hd__or2_2)
   0.33    4.06 v _27387_/X (sky130_fd_sc_hd__or2_2)
   0.32    4.38 v _27388_/X (sky130_fd_sc_hd__or2_2)
   0.33    4.71 v _27389_/X (sky130_fd_sc_hd__or2_2)
   0.32    5.03 v _27390_/X (sky130_fd_sc_hd__or2_2)
   0.33    5.36 v _27391_/X (sky130_fd_sc_hd__or2_2)
   0.32    5.68 v _27392_/X (sky130_fd_sc_hd__or2_2)
   0.33    6.00 v _27393_/X (sky130_fd_sc_hd__or2_2)
   0.32    6.32 v _27394_/X (sky130_fd_sc_hd__or2_2)
   0.33    6.65 v _27395_/X (sky130_fd_sc_hd__or2_2)
   0.32    6.97 v _27396_/X (sky130_fd_sc_hd__or2_2)
   0.33    7.30 v _27397_/X (sky130_fd_sc_hd__or2_2)
   0.32    7.62 v _27398_/X (sky130_fd_sc_hd__or2_2)
   0.33    7.94 v _27399_/X (sky130_fd_sc_hd__or2_2)
   0.32    8.26 v _27400_/X (sky130_fd_sc_hd__or2_2)
   0.33    8.59 v _27401_/X (sky130_fd_sc_hd__or2_2)
   0.32    8.91 v _27402_/X (sky130_fd_sc_hd__or2_2)
   0.33    9.24 v _27403_/X (sky130_fd_sc_hd__or2_2)
   0.32    9.56 v _27404_/X (sky130_fd_sc_hd__or2_2)
   0.33    9.89 v _27405_/X (sky130_fd_sc_hd__or2_2)
   0.32   10.21 v _27406_/X (sky130_fd_sc_hd__or2_2)
   0.33   10.53 v _27407_/X (sky130_fd_sc_hd__or2_2)
   0.32   10.86 v _27408_/X (sky130_fd_sc_hd__or2_2)
   0.24   11.10 v _27412_/X (sky130_fd_sc_hd__o221a_2)
   0.00   11.10 v _28389_/D (sky130_fd_sc_hd__dfxtp_2)
          11.10   data arrival time

  40.00   40.00   clock wb_clk_i (rise edge)
   0.00   40.00   clock network delay (ideal)
  -0.50   39.50   clock uncertainty
   0.00   39.50   clock reconvergence pessimism
          39.50 ^ _28389_/CLK (sky130_fd_sc_hd__dfxtp_2)
  -0.10   39.40   library setup time
          39.40   data required time
---------------------------------------------------------
          39.40   data required time
         -11.10   data arrival time
---------------------------------------------------------
          28.30   slack (MET)


